2016/05/23 11:27:55 [error] [exception.CDbException] exception 'CDbException' with message 'CDbConnection failed to open the DB connection: SQLSTATE[28000] [1045] Access denied for user 'root'@'localhost' (using password: NO)' in /opt/yii-1.1.13.e9e4a0/framework/db/CDbConnection.php:381
Stack trace:
#0 /opt/yii-1.1.13.e9e4a0/framework/db/CDbConnection.php(330): CDbConnection->open()
#1 /opt/yii-1.1.13.e9e4a0/framework/db/CDbConnection.php(308): CDbConnection->setActive(true)
#2 /opt/yii-1.1.13.e9e4a0/framework/base/CModule.php(387): CDbConnection->init()
#3 /opt/yii-1.1.13.e9e4a0/framework/base/CApplication.php(438): CModule->getComponent('db')
#4 /opt/yii-1.1.13.e9e4a0/framework/db/ar/CActiveRecord.php(623): CApplication->getDb()
#5 /opt/yii-1.1.13.e9e4a0/framework/db/ar/CActiveRecord.php(2309): CActiveRecord->getDbConnection()
#6 /opt/yii-1.1.13.e9e4a0/framework/db/ar/CActiveRecord.php(387): CActiveRecordMetaData->__construct(Object(Book))
#7 /opt/yii-1.1.13.e9e4a0/framework/web/CActiveDataProvider.php(74): CActiveRecord::model('Book')
#8 /var/www/html/ecom-yii/protected/controllers/BookController.php(140): CActiveDataProvider->__construct('Book')
#9 /opt/yii-1.1.13.e9e4a0/framework/web/actions/CInlineAction.php(49): BookController->actionIndex()
#10 /opt/yii-1.1.13.e9e4a0/framework/web/CController.php(308): CInlineAction->runWithParams(Array)
#11 /opt/yii-1.1.13.e9e4a0/framework/web/filters/CFilterChain.php(133): CController->runAction(Object(CInlineAction))
#12 /opt/yii-1.1.13.e9e4a0/framework/web/filters/CFilter.php(40): CFilterChain->run()
#13 /opt/yii-1.1.13.e9e4a0/framework/web/CController.php(1145): CFilter->filter(Object(CFilterChain))
#14 /opt/yii-1.1.13.e9e4a0/framework/web/filters/CInlineFilter.php(58): CController->filterAccessControl(Object(CFilterChain))
#15 /opt/yii-1.1.13.e9e4a0/framework/web/filters/CFilterChain.php(130): CInlineFilter->filter(Object(CFilterChain))
#16 /opt/yii-1.1.13.e9e4a0/framework/web/CController.php(291): CFilterChain->run()
#17 /opt/yii-1.1.13.e9e4a0/framework/web/CController.php(265): CController->runActionWithFilters(Object(CInlineAction), Array)
#18 /opt/yii-1.1.13.e9e4a0/framework/web/CWebApplication.php(282): CController->run('')
#19 /opt/yii-1.1.13.e9e4a0/framework/web/CWebApplication.php(141): CWebApplication->runController('')
#20 /opt/yii-1.1.13.e9e4a0/framework/base/CApplication.php(169): CWebApplication->processRequest()
#21 /var/www/html/ecom-yii/index.php(13): CApplication->run()
#22 {main}
REQUEST_URI=/ecom-yii/
---
2016/05/23 11:36:53 [error] [exception.CException] exception 'CException' with message 'CAssetManager.basePath "/var/www/html/ecom-yii/assets" is invalid. Please make sure the directory exists and is writable by the Web server process.' in /opt/yii-1.1.13.e9e4a0/framework/web/CAssetManager.php:138
Stack trace:
#0 /opt/yii-1.1.13.e9e4a0/framework/web/CAssetManager.php(123): CAssetManager->setBasePath('/var/www/html/e...')
#1 /opt/yii-1.1.13.e9e4a0/framework/web/CAssetManager.php(217): CAssetManager->getBasePath()
#2 /opt/yii-1.1.13.e9e4a0/framework/zii/widgets/CListView.php(209): CAssetManager->publish('/opt/yii-1.1.13...')
#3 /opt/yii-1.1.13.e9e4a0/framework/web/CBaseController.php(147): CListView->init()
#4 /opt/yii-1.1.13.e9e4a0/framework/web/CBaseController.php(172): CBaseController->createWidget('zii.widgets.CLi...', Array)
#5 /var/www/html/ecom-yii/protected/views/book/index.php(20): CBaseController->widget('zii.widgets.CLi...', Array)
#6 /opt/yii-1.1.13.e9e4a0/framework/web/CBaseController.php(126): require('/var/www/html/e...')
#7 /opt/yii-1.1.13.e9e4a0/framework/web/CBaseController.php(95): CBaseController->renderInternal('/var/www/html/e...', Array, true)
#8 /opt/yii-1.1.13.e9e4a0/framework/web/CController.php(869): CBaseController->renderFile('/var/www/html/e...', Array, true)
#9 /opt/yii-1.1.13.e9e4a0/framework/web/CController.php(782): CController->renderPartial('index', Array, true)
#10 /var/www/html/ecom-yii/protected/controllers/BookController.php(143): CController->render('index', Array)
#11 /opt/yii-1.1.13.e9e4a0/framework/web/actions/CInlineAction.php(49): BookController->actionIndex()
#12 /opt/yii-1.1.13.e9e4a0/framework/web/CController.php(308): CInlineAction->runWithParams(Array)
#13 /opt/yii-1.1.13.e9e4a0/framework/web/filters/CFilterChain.php(133): CController->runAction(Object(CInlineAction))
#14 /opt/yii-1.1.13.e9e4a0/framework/web/filters/CFilter.php(40): CFilterChain->run()
#15 /opt/yii-1.1.13.e9e4a0/framework/web/CController.php(1145): CFilter->filter(Object(CFilterChain))
#16 /opt/yii-1.1.13.e9e4a0/framework/web/filters/CInlineFilter.php(58): CController->filterAccessControl(Object(CFilterChain))
#17 /opt/yii-1.1.13.e9e4a0/framework/web/filters/CFilterChain.php(130): CInlineFilter->filter(Object(CFilterChain))
#18 /opt/yii-1.1.13.e9e4a0/framework/web/CController.php(291): CFilterChain->run()
#19 /opt/yii-1.1.13.e9e4a0/framework/web/CController.php(265): CController->runActionWithFilters(Object(CInlineAction), Array)
#20 /opt/yii-1.1.13.e9e4a0/framework/web/CWebApplication.php(282): CController->run('')
#21 /opt/yii-1.1.13.e9e4a0/framework/web/CWebApplication.php(141): CWebApplication->runController('')
#22 /opt/yii-1.1.13.e9e4a0/framework/base/CApplication.php(169): CWebApplication->processRequest()
#23 /var/www/html/ecom-yii/index.php(13): CApplication->run()
#24 {main}
REQUEST_URI=/ecom-yii/
---
2016/05/23 11:44:54 [error] [exception.CException] exception 'CException' with message 'CAssetManager.basePath "/var/www/html/ecom-yii/assets" is invalid. Please make sure the directory exists and is writable by the Web server process.' in /opt/yii-1.1.13.e9e4a0/framework/web/CAssetManager.php:138
Stack trace:
#0 /opt/yii-1.1.13.e9e4a0/framework/web/CAssetManager.php(123): CAssetManager->setBasePath('/var/www/html/e...')
#1 /opt/yii-1.1.13.e9e4a0/framework/web/CAssetManager.php(217): CAssetManager->getBasePath()
#2 /opt/yii-1.1.13.e9e4a0/framework/zii/widgets/CListView.php(209): CAssetManager->publish('/opt/yii-1.1.13...')
#3 /opt/yii-1.1.13.e9e4a0/framework/web/CBaseController.php(147): CListView->init()
#4 /opt/yii-1.1.13.e9e4a0/framework/web/CBaseController.php(172): CBaseController->createWidget('zii.widgets.CLi...', Array)
#5 /var/www/html/ecom-yii/protected/views/book/index.php(20): CBaseController->widget('zii.widgets.CLi...', Array)
#6 /opt/yii-1.1.13.e9e4a0/framework/web/CBaseController.php(126): require('/var/www/html/e...')
#7 /opt/yii-1.1.13.e9e4a0/framework/web/CBaseController.php(95): CBaseController->renderInternal('/var/www/html/e...', Array, true)
#8 /opt/yii-1.1.13.e9e4a0/framework/web/CController.php(869): CBaseController->renderFile('/var/www/html/e...', Array, true)
#9 /opt/yii-1.1.13.e9e4a0/framework/web/CController.php(782): CController->renderPartial('index', Array, true)
#10 /var/www/html/ecom-yii/protected/controllers/BookController.php(143): CController->render('index', Array)
#11 /opt/yii-1.1.13.e9e4a0/framework/web/actions/CInlineAction.php(49): BookController->actionIndex()
#12 /opt/yii-1.1.13.e9e4a0/framework/web/CController.php(308): CInlineAction->runWithParams(Array)
#13 /opt/yii-1.1.13.e9e4a0/framework/web/filters/CFilterChain.php(133): CController->runAction(Object(CInlineAction))
#14 /opt/yii-1.1.13.e9e4a0/framework/web/filters/CFilter.php(40): CFilterChain->run()
#15 /opt/yii-1.1.13.e9e4a0/framework/web/CController.php(1145): CFilter->filter(Object(CFilterChain))
#16 /opt/yii-1.1.13.e9e4a0/framework/web/filters/CInlineFilter.php(58): CController->filterAccessControl(Object(CFilterChain))
#17 /opt/yii-1.1.13.e9e4a0/framework/web/filters/CFilterChain.php(130): CInlineFilter->filter(Object(CFilterChain))
#18 /opt/yii-1.1.13.e9e4a0/framework/web/CController.php(291): CFilterChain->run()
#19 /opt/yii-1.1.13.e9e4a0/framework/web/CController.php(265): CController->runActionWithFilters(Object(CInlineAction), Array)
#20 /opt/yii-1.1.13.e9e4a0/framework/web/CWebApplication.php(282): CController->run('')
#21 /opt/yii-1.1.13.e9e4a0/framework/web/CWebApplication.php(141): CWebApplication->runController('')
#22 /opt/yii-1.1.13.e9e4a0/framework/base/CApplication.php(169): CWebApplication->processRequest()
#23 /var/www/html/ecom-yii/index.php(13): CApplication->run()
#24 {main}
REQUEST_URI=/ecom-yii/
---
2016/05/23 11:46:41 [error] [system.db.CDbCommand] CDbCommand::fetchAll() failed: SQLSTATE[42S02]: Base table or view not found: 1146 Table 'yiibook_ch23.payment' doesn't exist. The SQL statement executed was: SHOW FULL COLUMNS FROM `payment`.
in /var/www/html/ecom-yii/protected/modules/pay/controllers/DefaultController.php (20)
in /var/www/html/ecom-yii/index.php (13)
2016/05/23 11:46:41 [error] [exception.CDbException] exception 'CDbException' with message 'The table "payment" for active record class "Payment" cannot be found in the database.' in /opt/yii-1.1.13.e9e4a0/framework/db/ar/CActiveRecord.php:2310
Stack trace:
#0 /opt/yii-1.1.13.e9e4a0/framework/db/ar/CActiveRecord.php(387): CActiveRecordMetaData->__construct(Object(Payment))
#1 /opt/yii-1.1.13.e9e4a0/framework/db/ar/CActiveRecord.php(402): CActiveRecord::model('Payment')
#2 /opt/yii-1.1.13.e9e4a0/framework/db/ar/CActiveRecord.php(77): CActiveRecord->getMetaData()
#3 /var/www/html/ecom-yii/protected/modules/pay/controllers/DefaultController.php(20): CActiveRecord->__construct()
#4 /opt/yii-1.1.13.e9e4a0/framework/web/actions/CInlineAction.php(49): DefaultController->actionIndex()
#5 /opt/yii-1.1.13.e9e4a0/framework/web/CController.php(308): CInlineAction->runWithParams(Array)
#6 /opt/yii-1.1.13.e9e4a0/framework/web/CController.php(286): CController->runAction(Object(CInlineAction))
#7 /opt/yii-1.1.13.e9e4a0/framework/web/CController.php(265): CController->runActionWithFilters(Object(CInlineAction), Array)
#8 /opt/yii-1.1.13.e9e4a0/framework/web/CWebApplication.php(282): CController->run('')
#9 /opt/yii-1.1.13.e9e4a0/framework/web/CWebApplication.php(141): CWebApplication->runController('pay')
#10 /opt/yii-1.1.13.e9e4a0/framework/base/CApplication.php(169): CWebApplication->processRequest()
#11 /var/www/html/ecom-yii/index.php(13): CApplication->run()
#12 {main}
REQUEST_URI=/ecom-yii/index.php/pay
HTTP_REFERER=http://localhost/ecom-yii/index.php/cart/add/1
---
2016/05/23 11:59:30 [error] [system.db.CDbCommand] CDbCommand::fetchAll() failed: SQLSTATE[42S02]: Base table or view not found: 1146 Table 'yiibook_ch23.payment' doesn't exist. The SQL statement executed was: SHOW FULL COLUMNS FROM `payment`.
in /var/www/html/ecom-yii/protected/modules/pay/controllers/DefaultController.php (20)
in /var/www/html/ecom-yii/index.php (13)
2016/05/23 11:59:30 [error] [exception.CDbException] exception 'CDbException' with message 'The table "payment" for active record class "Payment" cannot be found in the database.' in /opt/yii-1.1.13.e9e4a0/framework/db/ar/CActiveRecord.php:2310
Stack trace:
#0 /opt/yii-1.1.13.e9e4a0/framework/db/ar/CActiveRecord.php(387): CActiveRecordMetaData->__construct(Object(Payment))
#1 /opt/yii-1.1.13.e9e4a0/framework/db/ar/CActiveRecord.php(402): CActiveRecord::model('Payment')
#2 /opt/yii-1.1.13.e9e4a0/framework/db/ar/CActiveRecord.php(77): CActiveRecord->getMetaData()
#3 /var/www/html/ecom-yii/protected/modules/pay/controllers/DefaultController.php(20): CActiveRecord->__construct()
#4 /opt/yii-1.1.13.e9e4a0/framework/web/actions/CInlineAction.php(49): DefaultController->actionIndex()
#5 /opt/yii-1.1.13.e9e4a0/framework/web/CController.php(308): CInlineAction->runWithParams(Array)
#6 /opt/yii-1.1.13.e9e4a0/framework/web/CController.php(286): CController->runAction(Object(CInlineAction))
#7 /opt/yii-1.1.13.e9e4a0/framework/web/CController.php(265): CController->runActionWithFilters(Object(CInlineAction), Array)
#8 /opt/yii-1.1.13.e9e4a0/framework/web/CWebApplication.php(282): CController->run('')
#9 /opt/yii-1.1.13.e9e4a0/framework/web/CWebApplication.php(141): CWebApplication->runController('pay')
#10 /opt/yii-1.1.13.e9e4a0/framework/base/CApplication.php(169): CWebApplication->processRequest()
#11 /var/www/html/ecom-yii/index.php(13): CApplication->run()
#12 {main}
REQUEST_URI=/ecom-yii/index.php/pay
HTTP_REFERER=http://localhost/ecom-yii/index.php/cart/add/1
---
2016/05/23 12:02:41 [error] [system.db.CDbCommand] CDbCommand::fetchAll() failed: SQLSTATE[42S02]: Base table or view not found: 1146 Table 'yiibook_ch23.payment' doesn't exist. The SQL statement executed was: SHOW FULL COLUMNS FROM `payment`.
in /var/www/html/ecom-yii/protected/modules/pay/controllers/DefaultController.php (20)
in /var/www/html/ecom-yii/index.php (13)
2016/05/23 12:02:41 [error] [exception.CDbException] exception 'CDbException' with message 'The table "payment" for active record class "Payment" cannot be found in the database.' in /opt/yii-1.1.13.e9e4a0/framework/db/ar/CActiveRecord.php:2310
Stack trace:
#0 /opt/yii-1.1.13.e9e4a0/framework/db/ar/CActiveRecord.php(387): CActiveRecordMetaData->__construct(Object(Payment))
#1 /opt/yii-1.1.13.e9e4a0/framework/db/ar/CActiveRecord.php(402): CActiveRecord::model('Payment')
#2 /opt/yii-1.1.13.e9e4a0/framework/db/ar/CActiveRecord.php(77): CActiveRecord->getMetaData()
#3 /var/www/html/ecom-yii/protected/modules/pay/controllers/DefaultController.php(20): CActiveRecord->__construct()
#4 /opt/yii-1.1.13.e9e4a0/framework/web/actions/CInlineAction.php(49): DefaultController->actionIndex()
#5 /opt/yii-1.1.13.e9e4a0/framework/web/CController.php(308): CInlineAction->runWithParams(Array)
#6 /opt/yii-1.1.13.e9e4a0/framework/web/CController.php(286): CController->runAction(Object(CInlineAction))
#7 /opt/yii-1.1.13.e9e4a0/framework/web/CController.php(265): CController->runActionWithFilters(Object(CInlineAction), Array)
#8 /opt/yii-1.1.13.e9e4a0/framework/web/CWebApplication.php(282): CController->run('')
#9 /opt/yii-1.1.13.e9e4a0/framework/web/CWebApplication.php(141): CWebApplication->runController('pay')
#10 /opt/yii-1.1.13.e9e4a0/framework/base/CApplication.php(169): CWebApplication->processRequest()
#11 /var/www/html/ecom-yii/index.php(13): CApplication->run()
#12 {main}
REQUEST_URI=/ecom-yii/index.php/pay
HTTP_REFERER=http://localhost/ecom-yii/index.php/cart/add/4
---
